--Ejercicios usando comandos NoSQl en MongoDB
--1.
use Libreria;
show dbs;
db.Libros.insertOne({
    "titulo": "El gran Gatsby",
    "autor": "F. Scott Fitzgerald",
    "anio_publicacion": 1925,
    "genero": "Novela",
    "editorial": "Charles Scribner's Sons"
  });

show dbs;
show collections;
db.Libros.insertMany([{
    "titulo": "1984",
    "autor": "George Orwell",
    "anio_publicacion": 1949,
    "genero": "Ciencia ficción",
    "editorial": "Secker & Warburg"
  },
  {
    "titulo": "Cien años de soledad",
    "autor": "Gabriel García Márquez",
    "anio_publicacion": 1967,
    "genero": "Realismo mágico",
    "editorial": "Editorial Sudamericana"
  }]);

db.Libros.insertMany([{
  "titulo": "Don Quijote de la Mancha",
  "autor": "Miguel de Cervantes Saavedra",
  "anio_publicacion": 1605,
  "genero": "Novela",
  "editorial": "Francisco de Robles"
},{
  "titulo": "Harry Potter y la piedra filosofal",
  "autor": "J.K. Rowling",
  "anio_publicacion": 1997,
  "genero": "Fantasía",
  "editorial": "Bloomsbury Publishing"
},{
  "titulo": "Orgullo y prejuicio",
  "autor": "Jane Austen",
  "anio_publicacion": 1813,
  "genero": "Novela romántica",
  "editorial": "Thomas Egerton"
},{
  "titulo": "La Odisea",
  "autor": "Homero",
  "anio_publicacion": "8th century BCE",
  "genero": "Poesía épica",
  "idioma": "Griego antiguo",
  "editorial": "Desconocida"
}]);

db.Libros.find();

db.Editoriales.insertMany([{
  "nombre": "Penguin Random House",
  "pais": "Estados Unidos",
  "fundacion": 2013,
  "libros_publicados": ["1984", "Cien años de soledad", "Don Quijote de la Mancha"]
},{
  "nombre": "HarperCollins",
  "pais": "Reino Unido",
  "fundacion": 1817,
  "libros_publicados": ["To Kill a Mockingbird", "The Chronicles of Narnia", "The Hobbit"]
}
,{
  "nombre": "Grupo Planeta",
  "pais": "España",
  "fundacion": 1949,
  "libros_publicados": ["La sombra del viento", "Los pilares de la Tierra", "El código Da Vinci"]
},{
  "nombre": "Editorial Santillana",
  "pais": "España",
  "fundacion": 1960,
  "libros_publicados": ["Donde los árboles cantan", "El alquimista", "El principito"]
},{
  "nombre": "Simon & Schuster",
  "pais": "Estados Unidos",
  "fundacion": 1924,
  "libros_publicados": ["The Great Gatsby", "The Catcher in the Rye", "The Fault in Our Stars"]
},{
  "nombre": "Gallimard",
  "pais": "Francia",
  "fundacion": 1911,
  "libros_publicados": ["À la recherche du temps perdu", "Le Petit Prince", "Les Misérables"]
},{
  "nombre": "Editorial Anagrama",
  "pais": "España",
  "fundacion": 1969,
  "libros_publicados": ["Rayuela", "El amor en los tiempos del cólera", "2666"]
}]);

db.Editoriales.find();

db.Autores.insertMany([{
  "nombre": "Gabriel García Márquez",
  "nacionalidad": "Colombiana",
  "fecha_nacimiento": "1927-03-06",
  "libros_destacados": ["Cien años de soledad", "El amor en los tiempos del cólera"],
  "premios": ["Premio Nobel de Literatura"]
},{
  "nombre": "J.K. Rowling",
  "nacionalidad": "Británica",
  "fecha_nacimiento": "1965-07-31",
  "libros_destacados": ["Harry Potter y la piedra filosofal", "Harry Potter y la cámara secreta"],
  "premios": ["Premio Hans Christian Andersen"]
},{
  "nombre": "Ernest Hemingway",
  "nacionalidad": "Estadounidense",
  "fecha_nacimiento": "1899-07-21",
  "fecha_defuncion": "1961-07-02",
  "libros_destacados": ["El viejo y el mar", "Adiós a las armas"],
  "premios": ["Premio Nobel de Literatura"]
},{
  "nombre": "Jane Austen",
  "nacionalidad": "Británica",
  "fecha_nacimiento": "1775-12-16",
  "fecha_defuncion": "1817-07-18",
  "libros_destacados": ["Orgullo y prejuicio", "Sentido y sensibilidad"],
  "genero": "Novela romántica"
},{
  "nombre": "Haruki Murakami",
  "nacionalidad": "Japonesa",
  "fecha_nacimiento": "1949-01-12",
  "libros_destacados": ["Tokio blues", "1Q84"],
  "premios": ["Premio Franz Kafka"]
},{
  "nombre": "Isabel Allende",
  "nacionalidad": "Chilena",
  "fecha_nacimiento": "1942-08-02",
  "libros_destacados": ["La casa de los espíritus", "Eva Luna"],
  "premios": ["Premio Nacional de Literatura de Chile"]
},{
  "nombre": "Albert Camus",
  "nacionalidad": "Francés",
  "fecha_nacimiento": "1913-11-07",
  "fecha_defuncion": "1960-01-04",
  "libros_destacados": ["El extranjero", "La peste"],
  "premios": ["Premio Nobel de Literatura"]
}]);

db.Autores.find();

db.Editoriales.drop();

show collections;